<?xml version="1.0" encoding="UTF-8"?>
<!-- Generated by org.testng.reporters.JUnitXMLReporter -->
<testsuite ignored="2" hostname="veramasa-Lenovo-V15-G4-ABP" failures="1" tests="13" name="logintest" time="11.465" errors="0" timestamp="2025-10-16T18:11:51 IST">
  <testcase classname="testClasses.LoginSauseUI" name="logintest" time="0.665"/>
  <testcase classname="testClasses.LoginSauseUI" name="logintest" time="0.229"/>
  <testcase classname="testClasses.LoginSauseUI" name="logintest" time="0.198"/>
  <testcase classname="testClasses.LoginSauseUI" name="logintest" time="0.199"/>
  <testcase classname="testClasses.LoginSauseUI" name="logintest" time="0.197"/>
  <testcase classname="testClasses.LoginSauseUI" name="logintest" time="0.189"/>
  <testcase classname="testClasses.LoginSauseUI" name="logintest" time="0.193"/>
  <testcase classname="testClasses.LoginSauseUI" name="logintest" time="0.19"/>
  <testcase classname="testClasses.LoginSauseUI" name="logintest" time="0.194"/>
  <testcase classname="testClasses.LoginSauseUI" name="logintest" time="0.182"/>
  <testcase classname="testClasses.LoginSauseUI" name="logintest" time="0.183"/>
  <testcase classname="testClasses.LoginSauseUI" name="logintest" time="0.201"/>
  <testcase classname="testClasses.HomePageTestUI" name="HomeScreen" time="8.081">
    <failure type="java.lang.AssertionError" message="sause was not there expected [true] but found [false]">
      <![CDATA[java.lang.AssertionError: sause was not there expected [true] but found [false]
at testClasses.HomePageTestUI.HomeScreen(HomePageTestUI.java:31)
at java.base/java.util.ArrayList.forEach(ArrayList.java:1596)
... Removed 28 stack frames]]>
    </failure>
  </testcase> <!-- HomeScreen -->
  <testcase classname="testUtility.BaseClass" name="@BeforeSuite beforesuite" time="0.0">
    <ignored/>
  </testcase> <!-- @BeforeSuite beforesuite -->
  <testcase classname="testUtility.BaseClass" name="@AfterSuite tearDown" time="0.0">
    <ignored/>
  </testcase> <!-- @AfterSuite tearDown -->
</testsuite> <!-- logintest -->
